<?xml version="1.0" encoding="utf-8"?>
<coverage line-rate="0.9573" branch-rate="0.8456" version="1.9" timestamp="1777059602" lines-covered="247" lines-valid="258" branches-covered="137" branches-valid="162">
  <sources>
    <source>D:\_git\Student-Performance-Analyzer\AnalyzerClassLibrary\</source>
  </sources>
  <packages>
    <package name="AnalyzerClassLibrary" line-rate="0.9573" branch-rate="0.8456" complexity="178">
      <classes>
        <class name="CalculateStatisticalIndicators" filename="CalculateStatisticalIndicators.cs" line-rate="1" branch-rate="1" complexity="26">
          <methods>
            <method name="CalculateAverage" signature="(Student[],System.String)" line-rate="1" branch-rate="1" complexity="4">
              <lines>
                <line number="6" hits="8" branch="False" />
                <line number="7" hits="8" branch="True" condition-coverage="100% (2/2)">
                  <conditions>
                    <condition number="8" type="jump" coverage="100%" />
                  </conditions>
                </line>
                <line number="8" hits="2" branch="False" />
                <line number="9" hits="6" branch="False" />
                <line number="11" hits="6" branch="False" />
                <line number="12" hits="6" branch="False" />
                <line number="14" hits="200046" branch="True" condition-coverage="100% (2/2)">
                  <conditions>
                    <condition number="86" type="jump" coverage="100%" />
                  </conditions>
                </line>
                <line number="15" hits="100017" branch="False" />
                <line number="16" hits="100017" branch="False" />
                <line number="17" hits="100017" branch="False" />
                <line number="19" hits="6" branch="False" />
                <line number="22" hits="8" branch="False" />
              </lines>
            </method>
            <method name="BubbleSort" signature="(System.Double[]&amp;)" line-rate="1" branch-rate="1" complexity="8">
              <lines>
                <line number="24" hits="5" branch="False" />
                <line number="25" hits="5" branch="False" />
                <line number="26" hits="28" branch="True" condition-coverage="100% (2/2)">
                  <conditions>
                    <condition number="111" type="jump" coverage="100%" />
                  </conditions>
                </line>
                <line number="27" hits="11" branch="False" />
                <line number="28" hits="100056" branch="True" condition-coverage="100% (2/2)">
                  <conditions>
                    <condition number="77" type="jump" coverage="100%" />
                  </conditions>
                </line>
                <line number="29" hits="50017" branch="False" />
                <line number="30" hits="50017" branch="True" condition-coverage="100% (2/2)">
                  <conditions>
                    <condition number="27" type="jump" coverage="100%" />
                  </conditions>
                </line>
                <line number="31" hits="6" branch="False" />
                <line number="32" hits="6" branch="False" />
                <line number="33" hits="6" branch="False" />
                <line number="34" hits="6" branch="False" />
                <line number="35" hits="6" branch="False" />
                <line number="36" hits="6" branch="False" />
                <line number="37" hits="50017" branch="False" />
                <line number="38" hits="13" branch="True" condition-coverage="100% (2/2)">
                  <conditions>
                    <condition number="87" type="jump" coverage="100%" />
                  </conditions>
                </line>
                <line number="39" hits="9" branch="False" />
                <line number="40" hits="5" branch="False" />
              </lines>
            </method>
            <method name="CalculateMedian" signature="(Student[],System.String)" line-rate="1" branch-rate="1" complexity="6">
              <lines>
                <line number="42" hits="7" branch="False" />
                <line number="43" hits="7" branch="True" condition-coverage="100% (2/2)">
                  <conditions>
                    <condition number="8" type="jump" coverage="100%" />
                  </conditions>
                </line>
                <line number="44" hits="2" branch="False" />
                <line number="45" hits="5" branch="False" />
                <line number="47" hits="5" branch="False" />
                <line number="48" hits="100036" branch="True" condition-coverage="100% (2/2)">
                  <conditions>
                    <condition number="85" type="jump" coverage="100%" />
                  </conditions>
                </line>
                <line number="49" hits="50013" branch="False" />
                <line number="50" hits="50013" branch="False" />
                <line number="51" hits="50013" branch="False" />
                <line number="53" hits="5" branch="False" />
                <line number="54" hits="5" branch="False" />
                <line number="57" hits="5" branch="True" condition-coverage="100% (2/2)">
                  <conditions>
                    <condition number="109" type="jump" coverage="100%" />
                  </conditions>
                </line>
                <line number="58" hits="1" branch="False" />
                <line number="59" hits="1" branch="False" />
                <line number="62" hits="4" branch="False" />
                <line number="63" hits="4" branch="False" />
                <line number="64" hits="4" branch="False" />
                <line number="65" hits="4" branch="False" />
                <line number="67" hits="7" branch="False" />
              </lines>
            </method>
            <method name="CalculateMinMax" signature="(Student[],System.String)" line-rate="1" branch-rate="1" complexity="8">
              <lines>
                <line number="70" hits="5" branch="False" />
                <line number="71" hits="5" branch="False" />
                <line number="73" hits="5" branch="True" condition-coverage="100% (2/2)">
                  <conditions>
                    <condition number="17" type="jump" coverage="100%" />
                  </conditions>
                </line>
                <line number="74" hits="2" branch="False" />
                <line number="76" hits="3" branch="False" />
                <line number="77" hits="3" branch="False" />
                <line number="78" hits="3" branch="False" />
                <line number="80" hits="200010" branch="True" condition-coverage="100% (2/2)">
                  <conditions>
                    <condition number="134" type="jump" coverage="100%" />
                  </conditions>
                </line>
                <line number="81" hits="100002" branch="False" />
                <line number="82" hits="100002" branch="False" />
                <line number="84" hits="100002" branch="True" condition-coverage="100% (2/2)">
                  <conditions>
                    <condition number="97" type="jump" coverage="100%" />
                  </conditions>
                </line>
                <line number="85" hits="1" branch="False" />
                <line number="87" hits="100002" branch="True" condition-coverage="100% (2/2)">
                  <conditions>
                    <condition number="111" type="jump" coverage="100%" />
                  </conditions>
                </line>
                <line number="88" hits="1" branch="False" />
                <line number="89" hits="100002" branch="False" />
                <line number="90" hits="3" branch="False" />
                <line number="91" hits="5" branch="False" />
              </lines>
            </method>
          </methods>
          <lines>
            <line number="6" hits="8" branch="False" />
            <line number="7" hits="8" branch="True" condition-coverage="100% (2/2)">
              <conditions>
                <condition number="8" type="jump" coverage="100%" />
              </conditions>
            </line>
            <line number="8" hits="2" branch="False" />
            <line number="9" hits="6" branch="False" />
            <line number="11" hits="6" branch="False" />
            <line number="12" hits="6" branch="False" />
            <line number="14" hits="200046" branch="True" condition-coverage="100% (2/2)">
              <conditions>
                <condition number="86" type="jump" coverage="100%" />
              </conditions>
            </line>
            <line number="15" hits="100017" branch="False" />
            <line number="16" hits="100017" branch="False" />
            <line number="17" hits="100017" branch="False" />
            <line number="19" hits="6" branch="False" />
            <line number="22" hits="8" branch="False" />
            <line number="24" hits="5" branch="False" />
            <line number="25" hits="5" branch="False" />
            <line number="26" hits="28" branch="True" condition-coverage="100% (2/2)">
              <conditions>
                <condition number="111" type="jump" coverage="100%" />
              </conditions>
            </line>
            <line number="27" hits="11" branch="False" />
            <line number="28" hits="100056" branch="True" condition-coverage="100% (2/2)">
              <conditions>
                <condition number="77" type="jump" coverage="100%" />
              </conditions>
            </line>
            <line number="29" hits="50017" branch="False" />
            <line number="30" hits="50017" branch="True" condition-coverage="100% (2/2)">
              <conditions>
                <condition number="27" type="jump" coverage="100%" />
              </conditions>
            </line>
            <line number="31" hits="6" branch="False" />
            <line number="32" hits="6" branch="False" />
            <line number="33" hits="6" branch="False" />
            <line number="34" hits="6" branch="False" />
            <line number="35" hits="6" branch="False" />
            <line number="36" hits="6" branch="False" />
            <line number="37" hits="50017" branch="False" />
            <line number="38" hits="13" branch="True" condition-coverage="100% (2/2)">
              <conditions>
                <condition number="87" type="jump" coverage="100%" />
              </conditions>
            </line>
            <line number="39" hits="9" branch="False" />
            <line number="40" hits="5" branch="False" />
            <line number="42" hits="7" branch="False" />
            <line number="43" hits="7" branch="True" condition-coverage="100% (2/2)">
              <conditions>
                <condition number="8" type="jump" coverage="100%" />
              </conditions>
            </line>
            <line number="44" hits="2" branch="False" />
            <line number="45" hits="5" branch="False" />
            <line number="47" hits="5" branch="False" />
            <line number="48" hits="100036" branch="True" condition-coverage="100% (2/2)">
              <conditions>
                <condition number="85" type="jump" coverage="100%" />
              </conditions>
            </line>
            <line number="49" hits="50013" branch="False" />
            <line number="50" hits="50013" branch="False" />
            <line number="51" hits="50013" branch="False" />
            <line number="53" hits="5" branch="False" />
            <line number="54" hits="5" branch="False" />
            <line number="57" hits="5" branch="True" condition-coverage="100% (2/2)">
              <conditions>
                <condition number="109" type="jump" coverage="100%" />
              </conditions>
            </line>
            <line number="58" hits="1" branch="False" />
            <line number="59" hits="1" branch="False" />
            <line number="62" hits="4" branch="False" />
            <line number="63" hits="4" branch="False" />
            <line number="64" hits="4" branch="False" />
            <line number="65" hits="4" branch="False" />
            <line number="67" hits="7" branch="False" />
            <line number="70" hits="5" branch="False" />
            <line number="71" hits="5" branch="False" />
            <line number="73" hits="5" branch="True" condition-coverage="100% (2/2)">
              <conditions>
                <condition number="17" type="jump" coverage="100%" />
              </conditions>
            </line>
            <line number="74" hits="2" branch="False" />
            <line number="76" hits="3" branch="False" />
            <line number="77" hits="3" branch="False" />
            <line number="78" hits="3" branch="False" />
            <line number="80" hits="200010" branch="True" condition-coverage="100% (2/2)">
              <conditions>
                <condition number="134" type="jump" coverage="100%" />
              </conditions>
            </line>
            <line number="81" hits="100002" branch="False" />
            <line number="82" hits="100002" branch="False" />
            <line number="84" hits="100002" branch="True" condition-coverage="100% (2/2)">
              <conditions>
                <condition number="97" type="jump" coverage="100%" />
              </conditions>
            </line>
            <line number="85" hits="1" branch="False" />
            <line number="87" hits="100002" branch="True" condition-coverage="100% (2/2)">
              <conditions>
                <condition number="111" type="jump" coverage="100%" />
              </conditions>
            </line>
            <line number="88" hits="1" branch="False" />
            <line number="89" hits="100002" branch="False" />
            <line number="90" hits="3" branch="False" />
            <line number="91" hits="5" branch="False" />
          </lines>
        </class>
        <class name="Student" filename="Student.cs" line-rate="1" branch-rate="1" complexity="16">
          <methods>
            <method name="get_ID" signature="()" line-rate="1" branch-rate="1" complexity="1">
              <lines>
                <line number="3" hits="375320" branch="False" />
              </lines>
            </method>
            <method name="get_FullName" signature="()" line-rate="1" branch-rate="1" complexity="1">
              <lines>
                <line number="4" hits="390261" branch="False" />
              </lines>
            </method>
            <method name="get_Course" signature="()" line-rate="1" branch-rate="1" complexity="1">
              <lines>
                <line number="5" hits="375223" branch="False" />
              </lines>
            </method>
            <method name="get_Group" signature="()" line-rate="1" branch-rate="1" complexity="1">
              <lines>
                <line number="6" hits="375216" branch="False" />
              </lines>
            </method>
            <method name="get_Physics" signature="()" line-rate="1" branch-rate="1" complexity="1">
              <lines>
                <line number="7" hits="375367" branch="False" />
              </lines>
            </method>
            <method name="get_English" signature="()" line-rate="1" branch-rate="1" complexity="1">
              <lines>
                <line number="8" hits="375312" branch="False" />
              </lines>
            </method>
            <method name="get_History" signature="()" line-rate="1" branch-rate="1" complexity="1">
              <lines>
                <line number="9" hits="2" branch="False" />
              </lines>
            </method>
            <method name="get_PhysicalEducation" signature="()" line-rate="1" branch-rate="1" complexity="1">
              <lines>
                <line number="10" hits="2" branch="False" />
              </lines>
            </method>
            <method name="get_CulturalStudies" signature="()" line-rate="1" branch-rate="1" complexity="1">
              <lines>
                <line number="11" hits="2" branch="False" />
              </lines>
            </method>
            <method name="get_Informatics" signature="()" line-rate="1" branch-rate="1" complexity="1">
              <lines>
                <line number="12" hits="2" branch="False" />
              </lines>
            </method>
            <method name="get_Psychology" signature="()" line-rate="1" branch-rate="1" complexity="1">
              <lines>
                <line number="13" hits="2" branch="False" />
              </lines>
            </method>
            <method name="get_Mathematics" signature="()" line-rate="1" branch-rate="1" complexity="1">
              <lines>
                <line number="14" hits="375353" branch="False" />
              </lines>
            </method>
            <method name="get_Biology" signature="()" line-rate="1" branch-rate="1" complexity="1">
              <lines>
                <line number="15" hits="2" branch="False" />
              </lines>
            </method>
            <method name="get_Chemistry" signature="()" line-rate="1" branch-rate="1" complexity="1">
              <lines>
                <line number="16" hits="2" branch="False" />
              </lines>
            </method>
            <method name="get_AverageGrade" signature="()" line-rate="1" branch-rate="1" complexity="1">
              <lines>
                <line number="17" hits="340358" branch="False" />
              </lines>
            </method>
            <method name="get_DebtCount" signature="()" line-rate="1" branch-rate="1" complexity="1">
              <lines>
                <line number="18" hits="375242" branch="False" />
              </lines>
            </method>
          </methods>
          <lines>
            <line number="3" hits="375320" branch="False" />
            <line number="4" hits="390261" branch="False" />
            <line number="5" hits="375223" branch="False" />
            <line number="6" hits="375216" branch="False" />
            <line number="7" hits="375367" branch="False" />
            <line number="8" hits="375312" branch="False" />
            <line number="9" hits="2" branch="False" />
            <line number="10" hits="2" branch="False" />
            <line number="11" hits="2" branch="False" />
            <line number="12" hits="2" branch="False" />
            <line number="13" hits="2" branch="False" />
            <line number="14" hits="375353" branch="False" />
            <line number="15" hits="2" branch="False" />
            <line number="16" hits="2" branch="False" />
            <line number="17" hits="340358" branch="False" />
            <line number="18" hits="375242" branch="False" />
          </lines>
        </class>
        <class name="WorkWithBase" filename="WorkWithBase.cs" line-rate="0.9315000000000001" branch-rate="0.8031999999999999" complexity="122">
          <methods>
            <method name="CustomSort" signature="(Student[],System.String,System.String)" line-rate="1" branch-rate="1" complexity="18">
              <lines>
                <line number="9" hits="14" branch="False" />
                <line number="11" hits="14" branch="True" condition-coverage="100% (2/2)">
                  <conditions>
                    <condition number="7" type="jump" coverage="100%" />
                  </conditions>
                </line>
                <line number="12" hits="1" branch="False" />
                <line number="13" hits="13" branch="True" condition-coverage="100% (2/2)">
                  <conditions>
                    <condition number="30" type="jump" coverage="100%" />
                  </conditions>
                </line>
                <line number="14" hits="1" branch="False" />
                <line number="15" hits="12" branch="True" condition-coverage="100% (2/2)">
                  <conditions>
                    <condition number="53" type="jump" coverage="100%" />
                  </conditions>
                </line>
                <line number="16" hits="1" branch="False" />
                <line number="19" hits="11" branch="False" />
                <line number="22" hits="11" branch="False" />
                <line number="23" hits="12" branch="True" condition-coverage="100% (2/2)">
                  <conditions>
                    <condition number="85" type="jump" coverage="100%" />
                  </conditions>
                </line>
                <line number="24" hits="10" branch="False" />
                <line number="25" hits="48" branch="True" condition-coverage="100% (2/2)">
                  <conditions>
                    <condition number="265" type="jump" coverage="100%" />
                  </conditions>
                </line>
                <line number="26" hits="24" branch="False" />
                <line number="27" hits="30168" branch="True" condition-coverage="100% (2/2)">
                  <conditions>
                    <condition number="231" type="jump" coverage="100%" />
                  </conditions>
                </line>
                <line number="28" hits="15060" branch="False" />
                <line number="29" hits="15060" branch="False" />
                <line number="30" hits="15060" branch="False" />
                <line number="32" hits="15060" branch="True" condition-coverage="100% (2/2)">
                  <conditions>
                    <condition number="156" type="jump" coverage="100%" />
                  </conditions>
                </line>
                <line number="33" hits="15060" branch="False" />
                <line number="34" hits="15060" branch="False" />
                <line number="36" hits="15060" branch="True" condition-coverage="100% (2/2)">
                  <conditions>
                    <condition number="180" type="jump" coverage="100%" />
                  </conditions>
                </line>
                <line number="37" hits="20" branch="False" />
                <line number="38" hits="20" branch="False" />
                <line number="39" hits="20" branch="False" />
                <line number="40" hits="20" branch="False" />
                <line number="41" hits="20" branch="False" />
                <line number="42" hits="20" branch="False" />
                <line number="43" hits="15060" branch="False" />
                <line number="44" hits="34" branch="True" condition-coverage="100% (2/2)">
                  <conditions>
                    <condition number="241" type="jump" coverage="100%" />
                  </conditions>
                </line>
                <line number="45" hits="14" branch="False" />
                <line number="46" hits="14" branch="False" />
                <line number="47" hits="11" branch="False" />
              </lines>
            </method>
            <method name="GetPropertySelector" signature="(System.String)" line-rate="0.5555" branch-rate="0.6481" complexity="54">
              <lines>
                <line number="50" hits="95" branch="False" />
                <line number="51" hits="95" branch="True" condition-coverage="64.81% (35/54)">
                  <conditions>
                    <condition number="18" type="jump" coverage="100%" />
                    <condition number="26" type="jump" coverage="100%" />
                    <condition number="34" type="jump" coverage="50%" />
                    <condition number="47" type="jump" coverage="50%" />
                    <condition number="76" type="jump" coverage="100%" />
                    <condition number="89" type="jump" coverage="100%" />
                    <condition number="118" type="jump" coverage="50%" />
                    <condition number="126" type="jump" coverage="0%" />
                    <condition number="139" type="jump" coverage="0%" />
                    <condition number="168" type="jump" coverage="50%" />
                    <condition number="178" type="jump" coverage="50%" />
                    <condition number="191" type="jump" coverage="100%" />
                    <condition number="60" type="jump" coverage="50%" />
                    <condition number="152" type="jump" coverage="50%" />
                    <condition number="102" type="jump" coverage="100%" />
                    <condition number="209" type="jump" coverage="100%" />
                    <condition number="230" type="jump" coverage="100%" />
                    <condition number="251" type="jump" coverage="50%" />
                    <condition number="272" type="jump" coverage="50%" />
                    <condition number="293" type="jump" coverage="50%" />
                    <condition number="314" type="jump" coverage="50%" />
                    <condition number="335" type="jump" coverage="50%" />
                    <condition number="356" type="jump" coverage="50%" />
                    <condition number="377" type="jump" coverage="100%" />
                    <condition number="398" type="jump" coverage="50%" />
                    <condition number="419" type="jump" coverage="50%" />
                    <condition number="440" type="jump" coverage="100%" />
                  </conditions>
                </line>
                <line number="52" hits="95" branch="False" />
                <line number="53" hits="15020" branch="False" />
                <line number="54" hits="58" branch="False" />
                <line number="55" hits="0" branch="False" />
                <line number="56" hits="0" branch="False" />
                <line number="57" hits="0" branch="False" />
                <line number="58" hits="0" branch="False" />
                <line number="59" hits="0" branch="False" />
                <line number="60" hits="0" branch="False" />
                <line number="61" hits="56" branch="False" />
                <line number="62" hits="0" branch="False" />
                <line number="63" hits="0" branch="False" />
                <line number="64" hits="45" branch="False" />
                <line number="65" hits="340246" branch="False" />
                <line number="66" hits="95" branch="False" />
                <line number="67" hits="95" branch="False" />
              </lines>
            </method>
            <method name="FilterNums" signature="(Student[],System.String,System.String,System.String)" line-rate="0.9615" branch-rate="0.9375" complexity="16">
              <lines>
                <line number="70" hits="19" branch="False" />
                <line number="71" hits="19" branch="True" condition-coverage="100% (2/2)">
                  <conditions>
                    <condition number="9" type="jump" coverage="100%" />
                  </conditions>
                </line>
                <line number="72" hits="1" branch="False" />
                <line number="73" hits="18" branch="False" />
                <line number="74" hits="18" branch="False" />
                <line number="75" hits="18" branch="False" />
                <line number="77" hits="100162" branch="True" condition-coverage="100% (2/2)">
                  <conditions>
                    <condition number="259" type="jump" coverage="100%" />
                  </conditions>
                </line>
                <line number="78" hits="50063" branch="False" />
                <line number="79" hits="50063" branch="False" />
                <line number="80" hits="50063" branch="True" condition-coverage="90% (9/10)">
                  <conditions>
                    <condition number="85" type="jump" coverage="100%" />
                    <condition number="98" type="jump" coverage="100%" />
                    <condition number="111" type="jump" coverage="100%" />
                    <condition number="124" type="jump" coverage="100%" />
                    <condition number="137" type="jump" coverage="50%" />
                  </conditions>
                </line>
                <line number="81" hits="50063" branch="False" />
                <line number="82" hits="50015" branch="False" />
                <line number="83" hits="12" branch="False" />
                <line number="84" hits="12" branch="False" />
                <line number="85" hits="12" branch="False" />
                <line number="86" hits="12" branch="False" />
                <line number="87" hits="0" branch="False" />
                <line number="88" hits="50063" branch="False" />
                <line number="90" hits="50063" branch="True" condition-coverage="100% (2/2)">
                  <conditions>
                    <condition number="226" type="jump" coverage="100%" />
                  </conditions>
                </line>
                <line number="91" hits="28" branch="False" />
                <line number="92" hits="28" branch="False" />
                <line number="93" hits="28" branch="False" />
                <line number="94" hits="50063" branch="False" />
                <line number="95" hits="18" branch="False" />
                <line number="96" hits="18" branch="False" />
                <line number="97" hits="19" branch="False" />
              </lines>
            </method>
            <method name="FilterString" signature="(Student[],System.String)" line-rate="1" branch-rate="1" complexity="6">
              <lines>
                <line number="99" hits="7" branch="False" />
                <line number="100" hits="7" branch="True" condition-coverage="100% (2/2)">
                  <conditions>
                    <condition number="7" type="jump" coverage="100%" />
                  </conditions>
                </line>
                <line number="101" hits="1" branch="False" />
                <line number="102" hits="6" branch="False" />
                <line number="103" hits="6" branch="False" />
                <line number="104" hits="30040" branch="True" condition-coverage="100% (2/2)">
                  <conditions>
                    <condition number="108" type="jump" coverage="100%" />
                  </conditions>
                </line>
                <line number="105" hits="15014" branch="False" />
                <line number="106" hits="15014" branch="False" />
                <line number="107" hits="15014" branch="False" />
                <line number="109" hits="15014" branch="True" condition-coverage="100% (2/2)">
                  <conditions>
                    <condition number="75" type="jump" coverage="100%" />
                  </conditions>
                </line>
                <line number="110" hits="6" branch="False" />
                <line number="111" hits="6" branch="False" />
                <line number="112" hits="6" branch="False" />
                <line number="113" hits="15014" branch="False" />
                <line number="114" hits="6" branch="False" />
                <line number="115" hits="6" branch="False" />
                <line number="116" hits="7" branch="False" />
              </lines>
            </method>
            <method name="ContainsSubstring" signature="(System.String,System.String)" line-rate="0.9582999999999999" branch-rate="0.75" complexity="16">
              <lines>
                <line number="118" hits="15014" branch="False" />
                <line number="119" hits="15014" branch="True" condition-coverage="50% (2/4)">
                  <conditions>
                    <condition number="7" type="jump" coverage="50%" />
                    <condition number="22" type="jump" coverage="50%" />
                  </conditions>
                </line>
                <line number="120" hits="0" branch="True" condition-coverage="0% (0/2)">
                  <conditions>
                    <condition number="30" type="jump" coverage="0%" />
                  </conditions>
                </line>
                <line number="122" hits="15014" branch="False" />
                <line number="123" hits="15014" branch="False" />
                <line number="125" hits="15014" branch="False" />
                <line number="126" hits="15014" branch="False" />
                <line number="128" hits="15014" branch="True" condition-coverage="100% (2/2)">
                  <conditions>
                    <condition number="87" type="jump" coverage="100%" />
                  </conditions>
                </line>
                <line number="129" hits="1002" branch="False" />
                <line number="131" hits="173914" branch="True" condition-coverage="100% (2/2)">
                  <conditions>
                    <condition number="197" type="jump" coverage="100%" />
                  </conditions>
                </line>
                <line number="132" hits="72951" branch="False" />
                <line number="133" hits="72951" branch="False" />
                <line number="134" hits="145950" branch="True" condition-coverage="100% (2/2)">
                  <conditions>
                    <condition number="161" type="jump" coverage="100%" />
                  </conditions>
                </line>
                <line number="135" hits="72969" branch="False" />
                <line number="136" hits="72969" branch="True" condition-coverage="100% (2/2)">
                  <conditions>
                    <condition number="137" type="jump" coverage="100%" />
                  </conditions>
                </line>
                <line number="137" hits="72945" branch="False" />
                <line number="138" hits="72945" branch="False" />
                <line number="139" hits="72945" branch="False" />
                <line number="141" hits="24" branch="False" />
                <line number="142" hits="72951" branch="True" condition-coverage="100% (2/2)">
                  <conditions>
                    <condition number="169" type="jump" coverage="100%" />
                  </conditions>
                </line>
                <line number="143" hits="6" branch="False" />
                <line number="144" hits="72945" branch="False" />
                <line number="146" hits="14006" branch="False" />
                <line number="147" hits="15014" branch="False" />
              </lines>
            </method>
            <method name="Group" signature="(Student[],System.String)" line-rate="1" branch-rate="1" complexity="8">
              <lines>
                <line number="149" hits="6" branch="False" />
                <line number="150" hits="6" branch="True" condition-coverage="100% (2/2)">
                  <conditions>
                    <condition number="7" type="jump" coverage="100%" />
                  </conditions>
                </line>
                <line number="151" hits="1" branch="False" />
                <line number="153" hits="5" branch="False" />
                <line number="154" hits="5" branch="False" />
                <line number="156" hits="100032" branch="True" condition-coverage="100% (2/2)">
                  <conditions>
                    <condition number="121" type="jump" coverage="100%" />
                  </conditions>
                </line>
                <line number="157" hits="50011" branch="False" />
                <line number="158" hits="50011" branch="False" />
                <line number="160" hits="50011" branch="True" condition-coverage="100% (2/2)">
                  <conditions>
                    <condition number="67" type="jump" coverage="100%" />
                  </conditions>
                </line>
                <line number="161" hits="7" branch="False" />
                <line number="162" hits="7" branch="False" />
                <line number="163" hits="7" branch="False" />
                <line number="165" hits="50011" branch="False" />
                <line number="166" hits="50011" branch="False" />
                <line number="169" hits="5" branch="False" />
                <line number="170" hits="29" branch="True" condition-coverage="100% (2/2)">
                  <conditions>
                    <condition number="184" type="jump" coverage="100%" />
                  </conditions>
                </line>
                <line number="171" hits="7" branch="False" />
                <line number="172" hits="7" branch="False" />
                <line number="173" hits="7" branch="False" />
                <line number="175" hits="5" branch="False" />
                <line number="176" hits="6" branch="False" />
              </lines>
            </method>
            <method name="GetGroupKeySelector" signature="(System.String)" line-rate="1" branch-rate="1" complexity="4">
              <lines>
                <line number="178" hits="6" branch="False" />
                <line number="179" hits="6" branch="True" condition-coverage="100% (4/4)">
                  <conditions>
                    <condition number="16" type="jump" coverage="100%" />
                    <condition number="29" type="jump" coverage="100%" />
                  </conditions>
                </line>
                <line number="180" hits="6" branch="False" />
                <line number="181" hits="11" branch="False" />
                <line number="182" hits="5" branch="False" />
                <line number="183" hits="50002" branch="False" />
                <line number="184" hits="6" branch="False" />
                <line number="185" hits="6" branch="False" />
              </lines>
            </method>
          </methods>
          <lines>
            <line number="9" hits="14" branch="False" />
            <line number="11" hits="14" branch="True" condition-coverage="100% (2/2)">
              <conditions>
                <condition number="7" type="jump" coverage="100%" />
              </conditions>
            </line>
            <line number="12" hits="1" branch="False" />
            <line number="13" hits="13" branch="True" condition-coverage="100% (2/2)">
              <conditions>
                <condition number="30" type="jump" coverage="100%" />
              </conditions>
            </line>
            <line number="14" hits="1" branch="False" />
            <line number="15" hits="12" branch="True" condition-coverage="100% (2/2)">
              <conditions>
                <condition number="53" type="jump" coverage="100%" />
              </conditions>
            </line>
            <line number="16" hits="1" branch="False" />
            <line number="19" hits="11" branch="False" />
            <line number="22" hits="11" branch="False" />
            <line number="23" hits="12" branch="True" condition-coverage="100% (2/2)">
              <conditions>
                <condition number="85" type="jump" coverage="100%" />
              </conditions>
            </line>
            <line number="24" hits="10" branch="False" />
            <line number="25" hits="48" branch="True" condition-coverage="100% (2/2)">
              <conditions>
                <condition number="265" type="jump" coverage="100%" />
              </conditions>
            </line>
            <line number="26" hits="24" branch="False" />
            <line number="27" hits="30168" branch="True" condition-coverage="100% (2/2)">
              <conditions>
                <condition number="231" type="jump" coverage="100%" />
              </conditions>
            </line>
            <line number="28" hits="15060" branch="False" />
            <line number="29" hits="15060" branch="False" />
            <line number="30" hits="15060" branch="False" />
            <line number="32" hits="15060" branch="True" condition-coverage="100% (2/2)">
              <conditions>
                <condition number="156" type="jump" coverage="100%" />
              </conditions>
            </line>
            <line number="33" hits="15060" branch="False" />
            <line number="34" hits="15060" branch="False" />
            <line number="36" hits="15060" branch="True" condition-coverage="100% (2/2)">
              <conditions>
                <condition number="180" type="jump" coverage="100%" />
              </conditions>
            </line>
            <line number="37" hits="20" branch="False" />
            <line number="38" hits="20" branch="False" />
            <line number="39" hits="20" branch="False" />
            <line number="40" hits="20" branch="False" />
            <line number="41" hits="20" branch="False" />
            <line number="42" hits="20" branch="False" />
            <line number="43" hits="15060" branch="False" />
            <line number="44" hits="34" branch="True" condition-coverage="100% (2/2)">
              <conditions>
                <condition number="241" type="jump" coverage="100%" />
              </conditions>
            </line>
            <line number="45" hits="14" branch="False" />
            <line number="46" hits="14" branch="False" />
            <line number="47" hits="11" branch="False" />
            <line number="50" hits="95" branch="False" />
            <line number="51" hits="95" branch="True" condition-coverage="64.81% (35/54)">
              <conditions>
                <condition number="18" type="jump" coverage="100%" />
                <condition number="26" type="jump" coverage="100%" />
                <condition number="34" type="jump" coverage="50%" />
                <condition number="47" type="jump" coverage="50%" />
                <condition number="76" type="jump" coverage="100%" />
                <condition number="89" type="jump" coverage="100%" />
                <condition number="118" type="jump" coverage="50%" />
                <condition number="126" type="jump" coverage="0%" />
                <condition number="139" type="jump" coverage="0%" />
                <condition number="168" type="jump" coverage="50%" />
                <condition number="178" type="jump" coverage="50%" />
                <condition number="191" type="jump" coverage="100%" />
                <condition number="60" type="jump" coverage="50%" />
                <condition number="152" type="jump" coverage="50%" />
                <condition number="102" type="jump" coverage="100%" />
                <condition number="209" type="jump" coverage="100%" />
                <condition number="230" type="jump" coverage="100%" />
                <condition number="251" type="jump" coverage="50%" />
                <condition number="272" type="jump" coverage="50%" />
                <condition number="293" type="jump" coverage="50%" />
                <condition number="314" type="jump" coverage="50%" />
                <condition number="335" type="jump" coverage="50%" />
                <condition number="356" type="jump" coverage="50%" />
                <condition number="377" type="jump" coverage="100%" />
                <condition number="398" type="jump" coverage="50%" />
                <condition number="419" type="jump" coverage="50%" />
                <condition number="440" type="jump" coverage="100%" />
              </conditions>
            </line>
            <line number="52" hits="95" branch="False" />
            <line number="53" hits="15020" branch="False" />
            <line number="54" hits="58" branch="False" />
            <line number="55" hits="0" branch="False" />
            <line number="56" hits="0" branch="False" />
            <line number="57" hits="0" branch="False" />
            <line number="58" hits="0" branch="False" />
            <line number="59" hits="0" branch="False" />
            <line number="60" hits="0" branch="False" />
            <line number="61" hits="56" branch="False" />
            <line number="62" hits="0" branch="False" />
            <line number="63" hits="0" branch="False" />
            <line number="64" hits="45" branch="False" />
            <line number="65" hits="340246" branch="False" />
            <line number="66" hits="95" branch="False" />
            <line number="67" hits="95" branch="False" />
            <line number="70" hits="19" branch="False" />
            <line number="71" hits="19" branch="True" condition-coverage="100% (2/2)">
              <conditions>
                <condition number="9" type="jump" coverage="100%" />
              </conditions>
            </line>
            <line number="72" hits="1" branch="False" />
            <line number="73" hits="18" branch="False" />
            <line number="74" hits="18" branch="False" />
            <line number="75" hits="18" branch="False" />
            <line number="77" hits="100162" branch="True" condition-coverage="100% (2/2)">
              <conditions>
                <condition number="259" type="jump" coverage="100%" />
              </conditions>
            </line>
            <line number="78" hits="50063" branch="False" />
            <line number="79" hits="50063" branch="False" />
            <line number="80" hits="50063" branch="True" condition-coverage="90% (9/10)">
              <conditions>
                <condition number="85" type="jump" coverage="100%" />
                <condition number="98" type="jump" coverage="100%" />
                <condition number="111" type="jump" coverage="100%" />
                <condition number="124" type="jump" coverage="100%" />
                <condition number="137" type="jump" coverage="50%" />
              </conditions>
            </line>
            <line number="81" hits="50063" branch="False" />
            <line number="82" hits="50015" branch="False" />
            <line number="83" hits="12" branch="False" />
            <line number="84" hits="12" branch="False" />
            <line number="85" hits="12" branch="False" />
            <line number="86" hits="12" branch="False" />
            <line number="87" hits="0" branch="False" />
            <line number="88" hits="50063" branch="False" />
            <line number="90" hits="50063" branch="True" condition-coverage="100% (2/2)">
              <conditions>
                <condition number="226" type="jump" coverage="100%" />
              </conditions>
            </line>
            <line number="91" hits="28" branch="False" />
            <line number="92" hits="28" branch="False" />
            <line number="93" hits="28" branch="False" />
            <line number="94" hits="50063" branch="False" />
            <line number="95" hits="18" branch="False" />
            <line number="96" hits="18" branch="False" />
            <line number="97" hits="19" branch="False" />
            <line number="99" hits="7" branch="False" />
            <line number="100" hits="7" branch="True" condition-coverage="100% (2/2)">
              <conditions>
                <condition number="7" type="jump" coverage="100%" />
              </conditions>
            </line>
            <line number="101" hits="1" branch="False" />
            <line number="102" hits="6" branch="False" />
            <line number="103" hits="6" branch="False" />
            <line number="104" hits="30040" branch="True" condition-coverage="100% (2/2)">
              <conditions>
                <condition number="108" type="jump" coverage="100%" />
              </conditions>
            </line>
            <line number="105" hits="15014" branch="False" />
            <line number="106" hits="15014" branch="False" />
            <line number="107" hits="15014" branch="False" />
            <line number="109" hits="15014" branch="True" condition-coverage="100% (2/2)">
              <conditions>
                <condition number="75" type="jump" coverage="100%" />
              </conditions>
            </line>
            <line number="110" hits="6" branch="False" />
            <line number="111" hits="6" branch="False" />
            <line number="112" hits="6" branch="False" />
            <line number="113" hits="15014" branch="False" />
            <line number="114" hits="6" branch="False" />
            <line number="115" hits="6" branch="False" />
            <line number="116" hits="7" branch="False" />
            <line number="118" hits="15014" branch="False" />
            <line number="119" hits="15014" branch="True" condition-coverage="50% (2/4)">
              <conditions>
                <condition number="7" type="jump" coverage="50%" />
                <condition number="22" type="jump" coverage="50%" />
              </conditions>
            </line>
            <line number="120" hits="0" branch="True" condition-coverage="0% (0/2)">
              <conditions>
                <condition number="30" type="jump" coverage="0%" />
              </conditions>
            </line>
            <line number="122" hits="15014" branch="False" />
            <line number="123" hits="15014" branch="False" />
            <line number="125" hits="15014" branch="False" />
            <line number="126" hits="15014" branch="False" />
            <line number="128" hits="15014" branch="True" condition-coverage="100% (2/2)">
              <conditions>
                <condition number="87" type="jump" coverage="100%" />
              </conditions>
            </line>
            <line number="129" hits="1002" branch="False" />
            <line number="131" hits="173914" branch="True" condition-coverage="100% (2/2)">
              <conditions>
                <condition number="197" type="jump" coverage="100%" />
              </conditions>
            </line>
            <line number="132" hits="72951" branch="False" />
            <line number="133" hits="72951" branch="False" />
            <line number="134" hits="145950" branch="True" condition-coverage="100% (2/2)">
              <conditions>
                <condition number="161" type="jump" coverage="100%" />
              </conditions>
            </line>
            <line number="135" hits="72969" branch="False" />
            <line number="136" hits="72969" branch="True" condition-coverage="100% (2/2)">
              <conditions>
                <condition number="137" type="jump" coverage="100%" />
              </conditions>
            </line>
            <line number="137" hits="72945" branch="False" />
            <line number="138" hits="72945" branch="False" />
            <line number="139" hits="72945" branch="False" />
            <line number="141" hits="24" branch="False" />
            <line number="142" hits="72951" branch="True" condition-coverage="100% (2/2)">
              <conditions>
                <condition number="169" type="jump" coverage="100%" />
              </conditions>
            </line>
            <line number="143" hits="6" branch="False" />
            <line number="144" hits="72945" branch="False" />
            <line number="146" hits="14006" branch="False" />
            <line number="147" hits="15014" branch="False" />
            <line number="149" hits="6" branch="False" />
            <line number="150" hits="6" branch="True" condition-coverage="100% (2/2)">
              <conditions>
                <condition number="7" type="jump" coverage="100%" />
              </conditions>
            </line>
            <line number="151" hits="1" branch="False" />
            <line number="153" hits="5" branch="False" />
            <line number="154" hits="5" branch="False" />
            <line number="156" hits="100032" branch="True" condition-coverage="100% (2/2)">
              <conditions>
                <condition number="121" type="jump" coverage="100%" />
              </conditions>
            </line>
            <line number="157" hits="50011" branch="False" />
            <line number="158" hits="50011" branch="False" />
            <line number="160" hits="50011" branch="True" condition-coverage="100% (2/2)">
              <conditions>
                <condition number="67" type="jump" coverage="100%" />
              </conditions>
            </line>
            <line number="161" hits="7" branch="False" />
            <line number="162" hits="7" branch="False" />
            <line number="163" hits="7" branch="False" />
            <line number="165" hits="50011" branch="False" />
            <line number="166" hits="50011" branch="False" />
            <line number="169" hits="5" branch="False" />
            <line number="170" hits="29" branch="True" condition-coverage="100% (2/2)">
              <conditions>
                <condition number="184" type="jump" coverage="100%" />
              </conditions>
            </line>
            <line number="171" hits="7" branch="False" />
            <line number="172" hits="7" branch="False" />
            <line number="173" hits="7" branch="False" />
            <line number="175" hits="5" branch="False" />
            <line number="176" hits="6" branch="False" />
            <line number="178" hits="6" branch="False" />
            <line number="179" hits="6" branch="True" condition-coverage="100% (4/4)">
              <conditions>
                <condition number="16" type="jump" coverage="100%" />
                <condition number="29" type="jump" coverage="100%" />
              </conditions>
            </line>
            <line number="180" hits="6" branch="False" />
            <line number="181" hits="11" branch="False" />
            <line number="182" hits="5" branch="False" />
            <line number="183" hits="50002" branch="False" />
            <line number="184" hits="6" branch="False" />
            <line number="185" hits="6" branch="False" />
          </lines>
        </class>
        <class name="AnalyzerClassLibrary.AnomalyDetector" filename="AnomalyDetector.cs" line-rate="0.9677" branch-rate="0.9285" complexity="14">
          <methods>
            <method name="FindAnomalies" signature="(Student[],System.String)" line-rate="1" branch-rate="1" complexity="10">
              <lines>
                <line number="6" hits="7" branch="False" />
                <line number="7" hits="7" branch="True" condition-coverage="100% (4/4)">
                  <conditions>
                    <condition number="2" type="jump" coverage="100%" />
                    <condition number="17" type="jump" coverage="100%" />
                  </conditions>
                </line>
                <line number="8" hits="2" branch="False" />
                <line number="10" hits="5" branch="False" />
                <line number="12" hits="5" branch="False" />
                <line number="14" hits="5" branch="False" />
                <line number="15" hits="5" branch="False" />
                <line number="18" hits="5" branch="False" />
                <line number="21" hits="5" branch="False" />
                <line number="22" hits="5" branch="False" />
                <line number="25" hits="5" branch="False" />
                <line number="26" hits="10056" branch="True" condition-coverage="100% (2/2)">
                  <conditions>
                    <condition number="196" type="jump" coverage="100%" />
                  </conditions>
                </line>
                <line number="27" hits="5023" branch="False" />
                <line number="28" hits="5023" branch="True" condition-coverage="100% (4/4)">
                  <conditions>
                    <condition number="136" type="jump" coverage="100%" />
                    <condition number="164" type="jump" coverage="100%" />
                  </conditions>
                </line>
                <line number="29" hits="8" branch="False" />
                <line number="30" hits="5023" branch="False" />
                <line number="31" hits="5" branch="False" />
                <line number="32" hits="5" branch="False" />
                <line number="33" hits="7" branch="False" />
              </lines>
            </method>
            <method name="CalculateQuartile" signature="(Student[],System.Int32,System.String)" line-rate="0.9166" branch-rate="0.75" complexity="4">
              <lines>
                <line number="39" hits="10" branch="False" />
                <line number="40" hits="10" branch="False" />
                <line number="41" hits="10" branch="False" />
                <line number="43" hits="10" branch="False" />
                <line number="44" hits="10" branch="False" />
                <line number="45" hits="10" branch="False" />
                <line number="47" hits="10" branch="True" condition-coverage="50% (1/2)">
                  <conditions>
                    <condition number="52" type="jump" coverage="50%" />
                  </conditions>
                </line>
                <line number="48" hits="0" branch="False" />
                <line number="50" hits="10" branch="True" condition-coverage="100% (2/2)">
                  <conditions>
                    <condition number="91" type="jump" coverage="100%" />
                  </conditions>
                </line>
                <line number="51" hits="2" branch="False" />
                <line number="54" hits="8" branch="False" />
                <line number="55" hits="10" branch="False" />
              </lines>
            </method>
          </methods>
          <lines>
            <line number="6" hits="7" branch="False" />
            <line number="7" hits="7" branch="True" condition-coverage="100% (4/4)">
              <conditions>
                <condition number="2" type="jump" coverage="100%" />
                <condition number="17" type="jump" coverage="100%" />
              </conditions>
            </line>
            <line number="8" hits="2" branch="False" />
            <line number="10" hits="5" branch="False" />
            <line number="12" hits="5" branch="False" />
            <line number="14" hits="5" branch="False" />
            <line number="15" hits="5" branch="False" />
            <line number="18" hits="5" branch="False" />
            <line number="21" hits="5" branch="False" />
            <line number="22" hits="5" branch="False" />
            <line number="25" hits="5" branch="False" />
            <line number="26" hits="10056" branch="True" condition-coverage="100% (2/2)">
              <conditions>
                <condition number="196" type="jump" coverage="100%" />
              </conditions>
            </line>
            <line number="27" hits="5023" branch="False" />
            <line number="28" hits="5023" branch="True" condition-coverage="100% (4/4)">
              <conditions>
                <condition number="136" type="jump" coverage="100%" />
                <condition number="164" type="jump" coverage="100%" />
              </conditions>
            </line>
            <line number="29" hits="8" branch="False" />
            <line number="30" hits="5023" branch="False" />
            <line number="31" hits="5" branch="False" />
            <line number="32" hits="5" branch="False" />
            <line number="33" hits="7" branch="False" />
            <line number="39" hits="10" branch="False" />
            <line number="40" hits="10" branch="False" />
            <line number="41" hits="10" branch="False" />
            <line number="43" hits="10" branch="False" />
            <line number="44" hits="10" branch="False" />
            <line number="45" hits="10" branch="False" />
            <line number="47" hits="10" branch="True" condition-coverage="50% (1/2)">
              <conditions>
                <condition number="52" type="jump" coverage="50%" />
              </conditions>
            </line>
            <line number="48" hits="0" branch="False" />
            <line number="50" hits="10" branch="True" condition-coverage="100% (2/2)">
              <conditions>
                <condition number="91" type="jump" coverage="100%" />
              </conditions>
            </line>
            <line number="51" hits="2" branch="False" />
            <line number="54" hits="8" branch="False" />
            <line number="55" hits="10" branch="False" />
          </lines>
        </class>
      </classes>
    </package>
  </packages>
</coverage>