<?xml version="1.0" encoding="utf-8"?>
<coverage line-rate="0.8987999999999999" branch-rate="0.7297" version="1.9" timestamp="1776418117" lines-covered="80" lines-valid="89" branches-covered="54" branches-valid="74">
  <sources>
    <source>D:\Masha\Алгоритмизация\Семестр2\Курсовая работа вариант2\Student-Performance-Analyzer\AnalyzerClassLibrary\</source>
  </sources>
  <packages>
    <package name="AnalyzerClassLibrary" line-rate="0.8987999999999999" branch-rate="0.7297" complexity="93">
      <classes>
        <class name="CalculateStatisticalIndicators" filename="CalculateStatisticalIndicators.cs" line-rate="1" branch-rate="0.5" complexity="4">
          <methods>
            <method name="CalculateAverage" signature="(System.Collections.Generic.List`1&lt;Student&gt;,System.String)" line-rate="1" branch-rate="1" complexity="1">
              <lines>
                <line number="6" hits="4" branch="False" />
                <line number="7" hits="4" branch="False" />
                <line number="8" hits="16" branch="False" />
                <line number="9" hits="3" branch="False" />
              </lines>
            </method>
            <method name="CalculateMedian" signature="(System.Collections.Generic.List`1&lt;Student&gt;,System.String)" line-rate="1" branch-rate="0.5" complexity="2">
              <lines>
                <line number="12" hits="3" branch="False" />
                <line number="13" hits="3" branch="False" />
                <line number="14" hits="19" branch="False" />
                <line number="15" hits="3" branch="False" />
                <line number="16" hits="3" branch="True" condition-coverage="50% (1/2)">
                  <conditions>
                    <condition number="90" type="jump" coverage="50%" />
                  </conditions>
                </line>
                <line number="17" hits="3" branch="False" />
                <line number="18" hits="3" branch="False" />
                <line number="19" hits="2" branch="False" />
              </lines>
            </method>
            <method name="CalculateMinMax" signature="(System.Collections.Generic.List`1&lt;Student&gt;,System.String)" line-rate="1" branch-rate="1" complexity="1">
              <lines>
                <line number="22" hits="4" branch="False" />
                <line number="23" hits="4" branch="False" />
                <line number="24" hits="28" branch="False" />
                <line number="25" hits="4" branch="False" />
                <line number="26" hits="3" branch="False" />
              </lines>
            </method>
          </methods>
          <lines>
            <line number="6" hits="4" branch="False" />
            <line number="7" hits="4" branch="False" />
            <line number="8" hits="16" branch="False" />
            <line number="9" hits="3" branch="False" />
            <line number="12" hits="3" branch="False" />
            <line number="13" hits="3" branch="False" />
            <line number="14" hits="19" branch="False" />
            <line number="15" hits="3" branch="False" />
            <line number="16" hits="3" branch="True" condition-coverage="50% (1/2)">
              <conditions>
                <condition number="90" type="jump" coverage="50%" />
              </conditions>
            </line>
            <line number="17" hits="3" branch="False" />
            <line number="18" hits="3" branch="False" />
            <line number="19" hits="2" branch="False" />
            <line number="22" hits="4" branch="False" />
            <line number="23" hits="4" branch="False" />
            <line number="24" hits="28" branch="False" />
            <line number="25" hits="4" branch="False" />
            <line number="26" hits="3" branch="False" />
          </lines>
        </class>
        <class name="Student" filename="Student.cs" line-rate="1" branch-rate="1" complexity="16">
          <methods>
            <method name="get_ID" signature="()" line-rate="1" branch-rate="1" complexity="1">
              <lines>
                <line number="3" hits="167" branch="False" />
              </lines>
            </method>
            <method name="get_FullName" signature="()" line-rate="1" branch-rate="1" complexity="1">
              <lines>
                <line number="4" hits="156" branch="False" />
              </lines>
            </method>
            <method name="get_Course" signature="()" line-rate="1" branch-rate="1" complexity="1">
              <lines>
                <line number="5" hits="162" branch="False" />
              </lines>
            </method>
            <method name="get_Group" signature="()" line-rate="1" branch-rate="1" complexity="1">
              <lines>
                <line number="6" hits="158" branch="False" />
              </lines>
            </method>
            <method name="get_Physics" signature="()" line-rate="1" branch-rate="1" complexity="1">
              <lines>
                <line number="7" hits="199" branch="False" />
              </lines>
            </method>
            <method name="get_English" signature="()" line-rate="1" branch-rate="1" complexity="1">
              <lines>
                <line number="8" hits="159" branch="False" />
              </lines>
            </method>
            <method name="get_History" signature="()" line-rate="1" branch-rate="1" complexity="1">
              <lines>
                <line number="9" hits="3" branch="False" />
              </lines>
            </method>
            <method name="get_PhysicalEducation" signature="()" line-rate="1" branch-rate="1" complexity="1">
              <lines>
                <line number="10" hits="3" branch="False" />
              </lines>
            </method>
            <method name="get_CulturalStudies" signature="()" line-rate="1" branch-rate="1" complexity="1">
              <lines>
                <line number="11" hits="3" branch="False" />
              </lines>
            </method>
            <method name="get_Informatics" signature="()" line-rate="1" branch-rate="1" complexity="1">
              <lines>
                <line number="12" hits="3" branch="False" />
              </lines>
            </method>
            <method name="get_Psychology" signature="()" line-rate="1" branch-rate="1" complexity="1">
              <lines>
                <line number="13" hits="3" branch="False" />
              </lines>
            </method>
            <method name="get_Mathematics" signature="()" line-rate="1" branch-rate="1" complexity="1">
              <lines>
                <line number="14" hits="192" branch="False" />
              </lines>
            </method>
            <method name="get_Biology" signature="()" line-rate="1" branch-rate="1" complexity="1">
              <lines>
                <line number="15" hits="3" branch="False" />
              </lines>
            </method>
            <method name="get_Chemistry" signature="()" line-rate="1" branch-rate="1" complexity="1">
              <lines>
                <line number="16" hits="3" branch="False" />
              </lines>
            </method>
            <method name="get_AverageGrade" signature="()" line-rate="1" branch-rate="1" complexity="1">
              <lines>
                <line number="17" hits="55" branch="False" />
              </lines>
            </method>
            <method name="get_DebtCount" signature="()" line-rate="1" branch-rate="1" complexity="1">
              <lines>
                <line number="18" hits="181" branch="False" />
              </lines>
            </method>
          </methods>
          <lines>
            <line number="3" hits="167" branch="False" />
            <line number="4" hits="156" branch="False" />
            <line number="5" hits="162" branch="False" />
            <line number="6" hits="158" branch="False" />
            <line number="7" hits="199" branch="False" />
            <line number="8" hits="159" branch="False" />
            <line number="9" hits="3" branch="False" />
            <line number="10" hits="3" branch="False" />
            <line number="11" hits="3" branch="False" />
            <line number="12" hits="3" branch="False" />
            <line number="13" hits="3" branch="False" />
            <line number="14" hits="192" branch="False" />
            <line number="15" hits="3" branch="False" />
            <line number="16" hits="3" branch="False" />
            <line number="17" hits="55" branch="False" />
            <line number="18" hits="181" branch="False" />
          </lines>
        </class>
        <class name="WorkWithBase" filename="WorkWithBase.cs" line-rate="0.8392000000000001" branch-rate="0.7361" complexity="73">
          <methods>
            <method name="CustomSort" signature="(System.Collections.Generic.List`1&lt;Student&gt;,System.String,System.String)" line-rate="1" branch-rate="1" complexity="8">
              <lines>
                <line number="9" hits="6" branch="False" />
                <line number="11" hits="6" branch="True" condition-coverage="100% (2/2)">
                  <conditions>
                    <condition number="7" type="jump" coverage="100%" />
                  </conditions>
                </line>
                <line number="12" hits="1" branch="False" />
                <line number="13" hits="5" branch="True" condition-coverage="100% (2/2)">
                  <conditions>
                    <condition number="28" type="jump" coverage="100%" />
                  </conditions>
                </line>
                <line number="14" hits="1" branch="False" />
                <line number="15" hits="4" branch="True" condition-coverage="100% (2/2)">
                  <conditions>
                    <condition number="51" type="jump" coverage="100%" />
                  </conditions>
                </line>
                <line number="16" hits="1" branch="False" />
                <line number="19" hits="3" branch="False" />
                <line number="22" hits="3" branch="True" condition-coverage="100% (2/2)">
                  <conditions>
                    <condition number="82" type="jump" coverage="100%" />
                  </conditions>
                </line>
                <line number="23" hits="3" branch="False" />
                <line number="24" hits="3" branch="False" />
                <line number="27" hits="3" branch="False" />
                <line number="28" hits="3" branch="False" />
                <line number="29" hits="3" branch="False" />
              </lines>
            </method>
            <method name="GetPropertySelector" signature="(System.String)" line-rate="0.5294" branch-rate="0.64" complexity="50">
              <lines>
                <line number="32" hits="58" branch="False" />
                <line number="33" hits="58" branch="True" condition-coverage="64% (32/50)">
                  <conditions>
                    <condition number="18" type="jump" coverage="100%" />
                    <condition number="26" type="jump" coverage="100%" />
                    <condition number="34" type="jump" coverage="50%" />
                    <condition number="63" type="jump" coverage="50%" />
                    <condition number="76" type="jump" coverage="100%" />
                    <condition number="102" type="jump" coverage="100%" />
                    <condition number="110" type="jump" coverage="50%" />
                    <condition number="123" type="jump" coverage="0%" />
                    <condition number="149" type="jump" coverage="50%" />
                    <condition number="162" type="jump" coverage="50%" />
                    <condition number="133" type="jump" coverage="50%" />
                    <condition number="172" type="jump" coverage="50%" />
                    <condition number="86" type="jump" coverage="100%" />
                    <condition number="47" type="jump" coverage="50%" />
                    <condition number="193" type="jump" coverage="100%" />
                    <condition number="214" type="jump" coverage="50%" />
                    <condition number="235" type="jump" coverage="50%" />
                    <condition number="256" type="jump" coverage="50%" />
                    <condition number="277" type="jump" coverage="50%" />
                    <condition number="298" type="jump" coverage="50%" />
                    <condition number="319" type="jump" coverage="50%" />
                    <condition number="340" type="jump" coverage="100%" />
                    <condition number="361" type="jump" coverage="50%" />
                    <condition number="382" type="jump" coverage="50%" />
                    <condition number="403" type="jump" coverage="100%" />
                  </conditions>
                </line>
                <line number="34" hits="58" branch="False" />
                <line number="35" hits="50" branch="False" />
                <line number="36" hits="0" branch="False" />
                <line number="37" hits="0" branch="False" />
                <line number="38" hits="0" branch="False" />
                <line number="39" hits="0" branch="False" />
                <line number="40" hits="0" branch="False" />
                <line number="41" hits="0" branch="False" />
                <line number="42" hits="48" branch="False" />
                <line number="43" hits="0" branch="False" />
                <line number="44" hits="0" branch="False" />
                <line number="45" hits="45" branch="False" />
                <line number="46" hits="60" branch="False" />
                <line number="47" hits="58" branch="False" />
                <line number="48" hits="58" branch="False" />
              </lines>
            </method>
            <method name="FilterNums" signature="(System.Collections.Generic.List`1&lt;Student&gt;,System.String,System.String,System.String)" line-rate="0.9229999999999999" branch-rate="0.9" complexity="10">
              <lines>
                <line number="51" hits="15" branch="False" />
                <line number="52" hits="15" branch="False" />
                <line number="53" hits="15" branch="False" />
                <line number="55" hits="15" branch="True" condition-coverage="90% (9/10)">
                  <conditions>
                    <condition number="46" type="jump" coverage="100%" />
                    <condition number="59" type="jump" coverage="100%" />
                    <condition number="72" type="jump" coverage="100%" />
                    <condition number="85" type="jump" coverage="100%" />
                    <condition number="98" type="jump" coverage="50%" />
                  </conditions>
                </line>
                <line number="56" hits="15" branch="False" />
                <line number="57" hits="15" branch="False" />
                <line number="58" hits="15" branch="False" />
                <line number="59" hits="15" branch="False" />
                <line number="60" hits="15" branch="False" />
                <line number="61" hits="15" branch="False" />
                <line number="62" hits="0" branch="False" />
                <line number="63" hits="15" branch="False" />
                <line number="64" hits="15" branch="False" />
              </lines>
            </method>
            <method name="Group" signature="(System.Collections.Generic.List`1&lt;Student&gt;,System.String)" line-rate="1" branch-rate="1" complexity="1">
              <lines>
                <line number="66" hits="3" branch="False" />
                <line number="67" hits="3" branch="False" />
                <line number="68" hits="15" branch="False" />
                <line number="69" hits="3" branch="False" />
              </lines>
            </method>
            <method name="GetGroupKeySelector" signature="(System.String)" line-rate="1" branch-rate="1" complexity="4">
              <lines>
                <line number="72" hits="4" branch="False" />
                <line number="73" hits="4" branch="True" condition-coverage="100% (4/4)">
                  <conditions>
                    <condition number="16" type="jump" coverage="100%" />
                    <condition number="29" type="jump" coverage="100%" />
                  </conditions>
                </line>
                <line number="74" hits="4" branch="False" />
                <line number="75" hits="7" branch="False" />
                <line number="76" hits="5" branch="False" />
                <line number="77" hits="5" branch="False" />
                <line number="78" hits="4" branch="False" />
                <line number="79" hits="4" branch="False" />
              </lines>
            </method>
          </methods>
          <lines>
            <line number="9" hits="6" branch="False" />
            <line number="11" hits="6" branch="True" condition-coverage="100% (2/2)">
              <conditions>
                <condition number="7" type="jump" coverage="100%" />
              </conditions>
            </line>
            <line number="12" hits="1" branch="False" />
            <line number="13" hits="5" branch="True" condition-coverage="100% (2/2)">
              <conditions>
                <condition number="28" type="jump" coverage="100%" />
              </conditions>
            </line>
            <line number="14" hits="1" branch="False" />
            <line number="15" hits="4" branch="True" condition-coverage="100% (2/2)">
              <conditions>
                <condition number="51" type="jump" coverage="100%" />
              </conditions>
            </line>
            <line number="16" hits="1" branch="False" />
            <line number="19" hits="3" branch="False" />
            <line number="22" hits="3" branch="True" condition-coverage="100% (2/2)">
              <conditions>
                <condition number="82" type="jump" coverage="100%" />
              </conditions>
            </line>
            <line number="23" hits="3" branch="False" />
            <line number="24" hits="3" branch="False" />
            <line number="27" hits="3" branch="False" />
            <line number="28" hits="3" branch="False" />
            <line number="29" hits="3" branch="False" />
            <line number="32" hits="58" branch="False" />
            <line number="33" hits="58" branch="True" condition-coverage="64% (32/50)">
              <conditions>
                <condition number="18" type="jump" coverage="100%" />
                <condition number="26" type="jump" coverage="100%" />
                <condition number="34" type="jump" coverage="50%" />
                <condition number="63" type="jump" coverage="50%" />
                <condition number="76" type="jump" coverage="100%" />
                <condition number="102" type="jump" coverage="100%" />
                <condition number="110" type="jump" coverage="50%" />
                <condition number="123" type="jump" coverage="0%" />
                <condition number="149" type="jump" coverage="50%" />
                <condition number="162" type="jump" coverage="50%" />
                <condition number="133" type="jump" coverage="50%" />
                <condition number="172" type="jump" coverage="50%" />
                <condition number="86" type="jump" coverage="100%" />
                <condition number="47" type="jump" coverage="50%" />
                <condition number="193" type="jump" coverage="100%" />
                <condition number="214" type="jump" coverage="50%" />
                <condition number="235" type="jump" coverage="50%" />
                <condition number="256" type="jump" coverage="50%" />
                <condition number="277" type="jump" coverage="50%" />
                <condition number="298" type="jump" coverage="50%" />
                <condition number="319" type="jump" coverage="50%" />
                <condition number="340" type="jump" coverage="100%" />
                <condition number="361" type="jump" coverage="50%" />
                <condition number="382" type="jump" coverage="50%" />
                <condition number="403" type="jump" coverage="100%" />
              </conditions>
            </line>
            <line number="34" hits="58" branch="False" />
            <line number="35" hits="50" branch="False" />
            <line number="36" hits="0" branch="False" />
            <line number="37" hits="0" branch="False" />
            <line number="38" hits="0" branch="False" />
            <line number="39" hits="0" branch="False" />
            <line number="40" hits="0" branch="False" />
            <line number="41" hits="0" branch="False" />
            <line number="42" hits="48" branch="False" />
            <line number="43" hits="0" branch="False" />
            <line number="44" hits="0" branch="False" />
            <line number="45" hits="45" branch="False" />
            <line number="46" hits="60" branch="False" />
            <line number="47" hits="58" branch="False" />
            <line number="48" hits="58" branch="False" />
            <line number="51" hits="15" branch="False" />
            <line number="52" hits="15" branch="False" />
            <line number="53" hits="15" branch="False" />
            <line number="55" hits="15" branch="True" condition-coverage="90% (9/10)">
              <conditions>
                <condition number="46" type="jump" coverage="100%" />
                <condition number="59" type="jump" coverage="100%" />
                <condition number="72" type="jump" coverage="100%" />
                <condition number="85" type="jump" coverage="100%" />
                <condition number="98" type="jump" coverage="50%" />
              </conditions>
            </line>
            <line number="56" hits="15" branch="False" />
            <line number="57" hits="15" branch="False" />
            <line number="58" hits="15" branch="False" />
            <line number="59" hits="15" branch="False" />
            <line number="60" hits="15" branch="False" />
            <line number="61" hits="15" branch="False" />
            <line number="62" hits="0" branch="False" />
            <line number="63" hits="15" branch="False" />
            <line number="64" hits="15" branch="False" />
            <line number="66" hits="3" branch="False" />
            <line number="67" hits="3" branch="False" />
            <line number="68" hits="15" branch="False" />
            <line number="69" hits="3" branch="False" />
            <line number="72" hits="4" branch="False" />
            <line number="73" hits="4" branch="True" condition-coverage="100% (4/4)">
              <conditions>
                <condition number="16" type="jump" coverage="100%" />
                <condition number="29" type="jump" coverage="100%" />
              </conditions>
            </line>
            <line number="74" hits="4" branch="False" />
            <line number="75" hits="7" branch="False" />
            <line number="76" hits="5" branch="False" />
            <line number="77" hits="5" branch="False" />
            <line number="78" hits="4" branch="False" />
            <line number="79" hits="4" branch="False" />
          </lines>
        </class>
      </classes>
    </package>
  </packages>
</coverage>